c:\users\amir offir\vsc-workspace\process-monitor\x64\debug\vc143.pdb
c:\users\amir offir\vsc-workspace\process-monitor\x64\debug\vc143.idb
c:\users\amir offir\vsc-workspace\process-monitor\x64\debug\usermenu.obj
c:\users\amir offir\vsc-workspace\process-monitor\x64\debug\getinfo.obj
c:\users\amir offir\vsc-workspace\process-monitor\x64\debug\main.obj
c:\users\amir offir\vsc-workspace\process-monitor\x64\debug\getprocesessinfo.obj
c:\users\amir offir\vsc-workspace\process-monitor\x64\debug\savetofile.obj
c:\users\amir offir\vsc-workspace\process-monitor\x64\debug\processeslinkedlist.obj
c:\users\amir offir\vsc-workspace\process-monitor\x64\debug\loadfromfile.obj
c:\users\amir offir\vsc-workspace\process-monitor\x64\debug\generatehtml.obj
c:\users\amir offir\vsc-workspace\process-monitor\x64\debug\process-monitor.exe
c:\users\amir offir\vsc-workspace\process-monitor\x64\debug\process-monitor.ilk
c:\users\amir offir\vsc-workspace\process-monitor\x64\debug\process-monitor.pdb
c:\users\amir offir\vsc-workspace\process-monitor\x64\debug\check.obj
c:\users\amir offir\vsc-workspace\process-monitor\x64\debug\listoflists.obj
c:\users\amir offir\vsc-workspace\process-monitor\x64\debug\listofsnapshots.obj
c:\users\amir offir\vsc-workspace\process-monitor\x64\debug\getprocesessinfo.obj.enc
c:\users\amir offir\vsc-workspace\process-monitor\x64\debug\main.obj.enc
c:\users\amir offir\vsc-workspace\process-monitor\x64\debug\processeslinkedlist.obj.enc
c:\users\amir offir\vsc-workspace\process-monitor\x64\debug\usermenu.obj.enc
c:\users\amir offir\vsc-workspace\process-monitor\x64\debug\process-monitor.tlog\cl.command.1.tlog
c:\users\amir offir\vsc-workspace\process-monitor\x64\debug\process-monitor.tlog\cl.read.1.tlog
c:\users\amir offir\vsc-workspace\process-monitor\x64\debug\process-monitor.tlog\cl.write.1.tlog
c:\users\amir offir\vsc-workspace\process-monitor\x64\debug\process-monitor.tlog\link.command.1.tlog
c:\users\amir offir\vsc-workspace\process-monitor\x64\debug\process-monitor.tlog\link.read.1.tlog
c:\users\amir offir\vsc-workspace\process-monitor\x64\debug\process-monitor.tlog\link.write.1.tlog
